<?xml version="1.0" encoding="UTF-8"?>
<!-- Generated by org.testng.reporters.JUnitXMLReporter -->
<testsuite ignored="0" hostname="LP-HBT10Z2" failures="0" tests="5" name="Test" time="0.05" errors="0" timestamp="2022-11-29T12:57:54 IST">
  <testcase classname="TestNg.CalculatorTest" name="add1Test" time="0.007"/>
  <testcase classname="TestNg.NewTest" name="f" time="0.006"/>
  <testcase classname="TestNg.CalculatorTest" name="all_Assertions_Test" time="0.002"/>
  <testcase classname="TestNg.CalculatorTest" name="sub1Test" time="0.001"/>
  <testcase classname="TestNg.CalculatorTest" name="test2" time="0.001"/>
</testsuite> <!-- Test -->
