<?xml version="1.0" encoding="UTF-8"?>
<testng-results ignored="0" total="4" passed="4" failed="0" skipped="0">
  <reporter-output>
  </reporter-output>
  <suite started-at="2022-11-25T13:07:54 IST" name="Default suite" finished-at="2022-11-25T13:07:54 IST" duration-ms="45">
    <groups>
    </groups>
    <test started-at="2022-11-25T13:07:54 IST" name="Default test" finished-at="2022-11-25T13:07:54 IST" duration-ms="45">
      <class name="TestNg.CalculatorTest">
        <test-method signature="add1Test()[pri:0, instance:TestNg.CalculatorTest@1a04f701]" started-at="2022-11-25T13:07:54 IST" name="add1Test" finished-at="2022-11-25T13:07:54 IST" duration-ms="8" status="PASS">
          <reporter-output>
          </reporter-output>
        </test-method> <!-- add1Test -->
        <test-method signature="all_Assertions_Test()[pri:0, instance:TestNg.CalculatorTest@1a04f701]" started-at="2022-11-25T13:07:54 IST" name="all_Assertions_Test" finished-at="2022-11-25T13:07:54 IST" duration-ms="1" status="PASS">
          <reporter-output>
          </reporter-output>
        </test-method> <!-- all_Assertions_Test -->
        <test-method signature="sub1Test()[pri:0, instance:TestNg.CalculatorTest@1a04f701]" started-at="2022-11-25T13:07:54 IST" name="sub1Test" finished-at="2022-11-25T13:07:54 IST" duration-ms="1" status="PASS">
          <reporter-output>
          </reporter-output>
        </test-method> <!-- sub1Test -->
        <test-method signature="test2()[pri:0, instance:TestNg.CalculatorTest@1a04f701]" started-at="2022-11-25T13:07:54 IST" name="test2" finished-at="2022-11-25T13:07:54 IST" duration-ms="1" status="PASS">
          <reporter-output>
          </reporter-output>
        </test-method> <!-- test2 -->
      </class> <!-- TestNg.CalculatorTest -->
    </test> <!-- Default test -->
  </suite> <!-- Default suite -->
</testng-results>
