<?xml version="1.0" encoding="UTF-8"?>
<testng-results ignored="0" total="1" passed="1" failed="0" skipped="0">
  <reporter-output>
  </reporter-output>
  <suite started-at="2022-12-12T12:23:59 IST" name="Default suite" finished-at="2022-12-12T12:24:37 IST" duration-ms="37864">
    <groups>
    </groups>
    <test started-at="2022-12-12T12:23:59 IST" name="Default test" finished-at="2022-12-12T12:24:37 IST" duration-ms="37864">
      <class name="WebDriver.Upload">
        <test-method signature="upload()[pri:0, instance:WebDriver.Upload@470f1802]" started-at="2022-12-12T12:23:59 IST" name="upload" finished-at="2022-12-12T12:24:37 IST" duration-ms="37836" status="PASS">
          <reporter-output>
          </reporter-output>
        </test-method> <!-- upload -->
      </class> <!-- WebDriver.Upload -->
    </test> <!-- Default test -->
  </suite> <!-- Default suite -->
</testng-results>
